2025-08-26 12:47:20,459 - WARNING - PyNaCl is not installed, voice will NOT be supported
2025-08-26 12:47:20,461 - WARNING - Privileged message content intent is missing, commands may not work as expected.
2025-08-26 12:47:20,462 - INFO - logging in using static token
2025-08-26 12:47:21,401 - INFO - Shard ID None has connected to Gateway (Session ID: e0bfcadd6466dbf31594c605d0d6e52e).
2025-08-26 12:47:23,407 - INFO - Logged in as OrderBot#1136 (ID: 1402401112266375249)
2025-08-26 12:47:23,644 - INFO - Slash commands synced.
2025-08-26 12:47:37,808 - INFO - Handled /orderbot flag2. Count: 21
2025-08-26 12:47:45,664 - INFO - Handled /orderbot order. Token: 1000737900 -> Order # 1844924 (Magento # 1000737900) | DP138-90M x 12 | MG3-94 x 14 | TM2B-PSS x 14 | Shipped: FedEx Ground | FOB: 1
2025-08-26 12:49:00,573 - INFO - Handled /orderbot order. Token: 1844920 -> Order # 1844920 (Magento # 1000737894) | TM1-61 x 5 | TM1-90 x 5 | Shipped: FedEx Ground | FOB: 1
2025-08-26 12:54:28,271 - WARNING - PyNaCl is not installed, voice will NOT be supported
2025-08-26 12:54:28,273 - WARNING - Privileged message content intent is missing, commands may not work as expected.
2025-08-26 12:54:28,273 - INFO - logging in using static token
2025-08-26 12:54:29,324 - INFO - Shard ID None has connected to Gateway (Session ID: 6788deab19271294c4757b975b203e22).
2025-08-26 12:54:31,336 - INFO - Logged in as OrderBot#1136 (ID: 1402401112266375249)
2025-08-26 12:54:31,528 - INFO - Slash commands synced.
2025-08-26 12:54:38,755 - INFO - Handled /orderbot order. Token: 1844921 -> Order # 1844921 (Magento # 1000737896) | DP3A-3 x 24 | STDW050-3 x 48 | DP3A-26D x 12 | STDW050-26 x 24 | Shipped: Fed Ex 2nd Day | FOB: 1
2025-08-26 12:55:13,616 - INFO - Handled /orderbot flag2. Count: 19
2025-08-26 12:55:31,613 - INFO - Handled /orderbot order. Token: 1844921 -> Order # 1844921 (Magento # 1000737896) | DP3A-3 x 24 | STDW050-3 x 48 | DP3A-26D x 12 | STDW050-26 x 24 | Shipped: Fed Ex 2nd Day | FOB: 1
2025-08-26 12:59:50,330 - WARNING - PyNaCl is not installed, voice will NOT be supported
2025-08-26 12:59:50,332 - WARNING - Privileged message content intent is missing, commands may not work as expected.
2025-08-26 12:59:50,332 - INFO - logging in using static token
2025-08-26 12:59:51,645 - INFO - Shard ID None has connected to Gateway (Session ID: 3e4b58f65c7e7d6e999892d97abc79d5).
2025-08-26 12:59:53,658 - INFO - Logged in as OrderBot#1136 (ID: 1402401112266375249)
2025-08-26 12:59:53,810 - INFO - Slash commands synced.
2025-08-26 13:00:00,726 - INFO - Handled /orderbot order. Token: 1844917 -> Order # 1844917 (Magento # 1000737891) | DP128/9-90M x 8 | MTR100 x 16 | Shipped: FedEx Saver | FOB: 1
2025-08-26 13:05:21,503 - INFO - Shard ID None has successfully RESUMED session 3e4b58f65c7e7d6e999892d97abc79d5.
2025-08-26 13:30:21,123 - INFO - Handled /orderbot flag2. Count: 18
2025-08-26 13:44:27,625 - INFO - Shard ID None has successfully RESUMED session 3e4b58f65c7e7d6e999892d97abc79d5.
2025-08-26 14:07:30,625 - INFO - Handled /orderbot flag2. Count: 13
2025-08-26 14:40:46,418 - INFO - Handled /orderbot flag2. Count: 12
2025-08-26 14:51:12,202 - INFO - Handled /orderbot flag2. Count: 12
2025-08-26 15:04:39,646 - INFO - Handled /orderbot flag2. Count: 14
2025-08-26 15:35:31,710 - INFO - Handled /orderbot order. Token: 1845082 -> Not found: 1845082
2025-08-26 15:36:15,340 - INFO - Handled /orderbot order. Token: 1000737994 -> Not found: 1000737994
2025-08-26 15:37:17,587 - INFO - Handled /orderbot order. Token: 1000738008 -> Not found: 1000738008
2025-08-26 15:40:48,449 - INFO - Handled /orderbot order. Token: 1845136 -> Not found: 1845136
2025-08-26 15:41:21,805 - INFO - Handled /orderbot order. Token: 1000738017 -> Not found: 1000738017
2025-08-26 15:41:48,668 - INFO - Handled /orderbot flag2. Count: 9
2025-08-26 15:42:17,627 - INFO - Handled /orderbot order. Token: 1845127 -> Not found: 1845127
2025-08-26 15:45:37,030 - INFO - Handled /orderbot flag2. Count: 9
